<?xml version="1.0" encoding="UTF-8"?>
<!-- Generated by org.testng.reporters.JUnitReportReporter -->
<testsuite hostname="DEEPU-PC" name="com.acttime.projectandcusttest.ProjectAndCustomerTest" tests="2" failures="0" timestamp="13 Sep 2015 03:51:25 GMT" time="28.214" errors="0">
  <testcase name="modifyCustomerTest" time="15.459" classname="com.acttime.projectandcusttest.ProjectAndCustomerTest"/>
  <testcase name="createCustomerTest" time="12.755" classname="com.acttime.projectandcusttest.ProjectAndCustomerTest"/>
</testsuite> <!-- com.acttime.projectandcusttest.ProjectAndCustomerTest -->
