<?xml version="1.0" encoding="UTF-8"?>
<!-- Generated by org.testng.reporters.JUnitReportReporter -->
<testsuite hostname="DEEPU-PC" name="com.actitime.reporttest.ReportTest" tests="2" failures="0" timestamp="13 Sep 2015 03:51:25 GMT" time="7.342" errors="0">
  <testcase name="modifyReportTest" time="3.722" classname="com.actitime.reporttest.ReportTest"/>
  <testcase name="createReportTest" time="3.620" classname="com.actitime.reporttest.ReportTest"/>
</testsuite> <!-- com.actitime.reporttest.ReportTest -->
